<?xml version="1.0" encoding="UTF-8"?>
<testng-results total="25" passed="25" failed="0" skipped="0">
  <reporter-output>
  </reporter-output>
  <suite started-at="2021-12-22T10:37:25Z" name="Suite" finished-at="2021-12-22T10:40:00Z" duration-ms="154577">
    <groups>
    </groups>
    <test started-at="2021-12-22T10:37:25Z" name="Test" finished-at="2021-12-22T10:40:00Z" duration-ms="154577">
      <class name="testCASES.TestCases">
        <test-method is-config="true" signature="setup()[pri:0, instance:testCASES.TestCases@c7ba306]" started-at="2021-12-22T16:07:25Z" name="setup" finished-at="2021-12-22T16:07:38Z" duration-ms="12628" status="PASS">
          <reporter-output>
          </reporter-output>
        </test-method> <!-- setup -->
        <test-method signature="DatadrivenApproach(java.lang.String, java.lang.String)[pri:0, instance:testCASES.TestCases@c7ba306]" started-at="2021-12-22T16:07:38Z" name="DatadrivenApproach" data-provider="Credentials" finished-at="2021-12-22T16:07:43Z" duration-ms="5615" status="PASS">
          <params>
            <param index="0">
              <value>
                <![CDATA[Sud@gmail.com]]>
              </value>
            </param>
            <param index="1">
              <value>
                <![CDATA[1234]]>
              </value>
            </param>
          </params>
          <reporter-output>
          </reporter-output>
        </test-method> <!-- DatadrivenApproach -->
        <test-method signature="DatadrivenApproach(java.lang.String, java.lang.String)[pri:0, instance:testCASES.TestCases@c7ba306]" started-at="2021-12-22T16:07:43Z" name="DatadrivenApproach" data-provider="Credentials" finished-at="2021-12-22T16:07:47Z" duration-ms="3799" status="PASS">
          <params>
            <param index="0">
              <value>
                <![CDATA[Shan@gmail.com]]>
              </value>
            </param>
            <param index="1">
              <value>
                <![CDATA[sandy123]]>
              </value>
            </param>
          </params>
          <reporter-output>
          </reporter-output>
        </test-method> <!-- DatadrivenApproach -->
        <test-method signature="DatadrivenApproach(java.lang.String, java.lang.String)[pri:0, instance:testCASES.TestCases@c7ba306]" started-at="2021-12-22T16:07:47Z" name="DatadrivenApproach" data-provider="Credentials" finished-at="2021-12-22T16:07:51Z" duration-ms="3930" status="PASS">
          <params>
            <param index="0">
              <value>
                <![CDATA[Shanu@gmail.com]]>
              </value>
            </param>
            <param index="1">
              <value>
                <![CDATA[lil342]]>
              </value>
            </param>
          </params>
          <reporter-output>
          </reporter-output>
        </test-method> <!-- DatadrivenApproach -->
        <test-method signature="DatadrivenApproach(java.lang.String, java.lang.String)[pri:0, instance:testCASES.TestCases@c7ba306]" started-at="2021-12-22T16:07:51Z" name="DatadrivenApproach" data-provider="Credentials" finished-at="2021-12-22T16:07:55Z" duration-ms="4058" status="PASS">
          <params>
            <param index="0">
              <value>
                <![CDATA[priya@hotmail.com]]>
              </value>
            </param>
            <param index="1">
              <value>
                <![CDATA[priya546#Pri]]>
              </value>
            </param>
          </params>
          <reporter-output>
          </reporter-output>
        </test-method> <!-- DatadrivenApproach -->
        <test-method signature="DatadrivenApproach(java.lang.String, java.lang.String)[pri:0, instance:testCASES.TestCases@c7ba306]" started-at="2021-12-22T16:07:55Z" name="DatadrivenApproach" data-provider="Credentials" finished-at="2021-12-22T16:07:59Z" duration-ms="4323" status="PASS">
          <params>
            <param index="0">
              <value>
                <![CDATA[Lily@gmail.com]]>
              </value>
            </param>
            <param index="1">
              <value>
                <![CDATA[kittyPop987]]>
              </value>
            </param>
          </params>
          <reporter-output>
          </reporter-output>
        </test-method> <!-- DatadrivenApproach -->
        <test-method signature="DatadrivenApproach(java.lang.String, java.lang.String)[pri:0, instance:testCASES.TestCases@c7ba306]" started-at="2021-12-22T16:07:59Z" name="DatadrivenApproach" data-provider="Credentials" finished-at="2021-12-22T16:08:03Z" duration-ms="3737" status="PASS">
          <params>
            <param index="0">
              <value>
                <![CDATA[Bhaibav@yahoo.com]]>
              </value>
            </param>
            <param index="1">
              <value>
                <![CDATA[bhai345]]>
              </value>
            </param>
          </params>
          <reporter-output>
          </reporter-output>
        </test-method> <!-- DatadrivenApproach -->
        <test-method signature="DatadrivenApproach(java.lang.String, java.lang.String)[pri:0, instance:testCASES.TestCases@c7ba306]" started-at="2021-12-22T16:08:03Z" name="DatadrivenApproach" data-provider="Credentials" finished-at="2021-12-22T16:08:07Z" duration-ms="4320" status="PASS">
          <params>
            <param index="0">
              <value>
                <![CDATA[kumkum@gmail.com]]>
              </value>
            </param>
            <param index="1">
              <value>
                <![CDATA[87699567#45]]>
              </value>
            </param>
          </params>
          <reporter-output>
          </reporter-output>
        </test-method> <!-- DatadrivenApproach -->
        <test-method signature="DatadrivenApproach(java.lang.String, java.lang.String)[pri:0, instance:testCASES.TestCases@c7ba306]" started-at="2021-12-22T16:08:07Z" name="DatadrivenApproach" data-provider="Credentials" finished-at="2021-12-22T16:08:13Z" duration-ms="5446" status="PASS">
          <params>
            <param index="0">
              <value>
                <![CDATA[JohnRambo@gmail.com]]>
              </value>
            </param>
            <param index="1">
              <value>
                <![CDATA[John09675]]>
              </value>
            </param>
          </params>
          <reporter-output>
          </reporter-output>
        </test-method> <!-- DatadrivenApproach -->
        <test-method signature="DatadrivenApproach(java.lang.String, java.lang.String)[pri:0, instance:testCASES.TestCases@c7ba306]" started-at="2021-12-22T16:08:13Z" name="DatadrivenApproach" data-provider="Credentials" finished-at="2021-12-22T16:08:17Z" duration-ms="4296" status="PASS">
          <params>
            <param index="0">
              <value>
                <![CDATA[Laprisy Jamaika]]>
              </value>
            </param>
            <param index="1">
              <value>
                <![CDATA[jammy098]]>
              </value>
            </param>
          </params>
          <reporter-output>
          </reporter-output>
        </test-method> <!-- DatadrivenApproach -->
        <test-method signature="DatadrivenApproach(java.lang.String, java.lang.String)[pri:0, instance:testCASES.TestCases@c7ba306]" started-at="2021-12-22T16:08:17Z" name="DatadrivenApproach" data-provider="Credentials" finished-at="2021-12-22T16:08:21Z" duration-ms="4283" status="PASS">
          <params>
            <param index="0">
              <value>
                <![CDATA[FakeId]]>
              </value>
            </param>
            <param index="1">
              <value>
                <![CDATA[Id#8700mob]]>
              </value>
            </param>
          </params>
          <reporter-output>
          </reporter-output>
        </test-method> <!-- DatadrivenApproach -->
        <test-method signature="loginApp()[pri:0, instance:testCASES.TestCases@c7ba306]" started-at="2021-12-22T16:08:21Z" name="loginApp" finished-at="2021-12-22T16:08:29Z" duration-ms="7573" status="PASS">
          <reporter-output>
          </reporter-output>
        </test-method> <!-- loginApp -->
        <test-method signature="searchCheck()[pri:0, instance:testCASES.TestCases@c7ba306]" started-at="2021-12-22T16:08:29Z" name="searchCheck" finished-at="2021-12-22T16:08:33Z" duration-ms="4165" status="PASS">
          <reporter-output>
          </reporter-output>
        </test-method> <!-- searchCheck -->
        <test-method signature="RedirectingPage()[pri:0, instance:testCASES.TestCases@c7ba306]" started-at="2021-12-22T16:08:33Z" name="RedirectingPage" finished-at="2021-12-22T16:08:39Z" duration-ms="5544" status="PASS">
          <reporter-output>
          </reporter-output>
        </test-method> <!-- RedirectingPage -->
        <test-method signature="ErrorLog()[pri:0, instance:testCASES.TestCases@c7ba306]" started-at="2021-12-22T16:08:39Z" name="ErrorLog" finished-at="2021-12-22T16:08:46Z" duration-ms="7530" status="PASS">
          <reporter-output>
          </reporter-output>
        </test-method> <!-- ErrorLog -->
        <test-method signature="reviewGive()[pri:0, instance:testCASES.TestCases@c7ba306]" started-at="2021-12-22T16:08:46Z" name="reviewGive" finished-at="2021-12-22T16:08:57Z" duration-ms="11050" status="PASS">
          <reporter-output>
          </reporter-output>
        </test-method> <!-- reviewGive -->
        <test-method signature="CategoryProduct()[pri:0, instance:testCASES.TestCases@c7ba306]" started-at="2021-12-22T16:08:57Z" name="CategoryProduct" finished-at="2021-12-22T16:09:02Z" duration-ms="5063" status="PASS">
          <reporter-output>
          </reporter-output>
        </test-method> <!-- CategoryProduct -->
        <test-method signature="displayCat()[pri:0, instance:testCASES.TestCases@c7ba306]" started-at="2021-12-22T16:09:02Z" name="displayCat" finished-at="2021-12-22T16:09:07Z" duration-ms="4244" status="PASS">
          <reporter-output>
          </reporter-output>
        </test-method> <!-- displayCat -->
        <test-method signature="passwordLen()[pri:0, instance:testCASES.TestCases@c7ba306]" started-at="2021-12-22T16:09:07Z" name="passwordLen" finished-at="2021-12-22T16:09:13Z" duration-ms="6314" status="PASS">
          <reporter-output>
          </reporter-output>
        </test-method> <!-- passwordLen -->
        <test-method signature="Navigate()[pri:0, instance:testCASES.TestCases@c7ba306]" started-at="2021-12-22T16:09:13Z" name="Navigate" finished-at="2021-12-22T16:09:20Z" duration-ms="7094" status="PASS">
          <reporter-output>
          </reporter-output>
        </test-method> <!-- Navigate -->
        <test-method signature="LogCheckOption()[pri:0, instance:testCASES.TestCases@c7ba306]" started-at="2021-12-22T16:09:20Z" name="LogCheckOption" finished-at="2021-12-22T16:09:25Z" duration-ms="5410" status="PASS">
          <reporter-output>
          </reporter-output>
        </test-method> <!-- LogCheckOption -->
        <test-method signature="PasswordCheck()[pri:0, instance:testCASES.TestCases@c7ba306]" started-at="2021-12-22T16:09:25Z" name="PasswordCheck" finished-at="2021-12-22T16:09:35Z" duration-ms="9554" status="PASS">
          <reporter-output>
          </reporter-output>
        </test-method> <!-- PasswordCheck -->
        <test-method signature="profileCHek()[pri:0, instance:testCASES.TestCases@c7ba306]" started-at="2021-12-22T16:09:35Z" name="profileCHek" finished-at="2021-12-22T16:09:41Z" duration-ms="6169" status="PASS">
          <reporter-output>
          </reporter-output>
        </test-method> <!-- profileCHek -->
        <test-method signature="exceed()[pri:0, instance:testCASES.TestCases@c7ba306]" started-at="2021-12-22T16:09:41Z" name="exceed" finished-at="2021-12-22T16:09:46Z" duration-ms="4655" status="PASS">
          <reporter-output>
          </reporter-output>
        </test-method> <!-- exceed -->
        <test-method signature="Validatelogo()[pri:0, instance:testCASES.TestCases@c7ba306]" started-at="2021-12-22T16:09:46Z" name="Validatelogo" finished-at="2021-12-22T16:09:50Z" duration-ms="4064" status="PASS">
          <reporter-output>
          </reporter-output>
        </test-method> <!-- Validatelogo -->
        <test-method signature="rediret()[pri:0, instance:testCASES.TestCases@c7ba306]" started-at="2021-12-22T16:09:50Z" name="rediret" finished-at="2021-12-22T16:09:58Z" duration-ms="8134" status="PASS">
          <reporter-output>
          </reporter-output>
        </test-method> <!-- rediret -->
        <test-method is-config="true" signature="tearDown()[pri:0, instance:testCASES.TestCases@c7ba306]" started-at="2021-12-22T16:09:58Z" name="tearDown" finished-at="2021-12-22T16:10:00Z" duration-ms="1510" status="PASS">
          <reporter-output>
          </reporter-output>
        </test-method> <!-- tearDown -->
      </class> <!-- testCASES.TestCases -->
    </test> <!-- Test -->
  </suite> <!-- Suite -->
</testng-results>
