<?xml version="1.0" encoding="UTF-8"?>
<!-- Generated by org.testng.reporters.JUnitXMLReporter -->
<testsuite hostname="HJNZL002008" failures="0" tests="25" name="Default test" time="113.767" errors="0" timestamp="21 Dec 2021 12:55:47 GMT">
  <testcase classname="testCASES.TestCases" name="DatadrivenApproach" time="3.59"/>
  <testcase classname="testCASES.TestCases" name="DatadrivenApproach" time="2.895"/>
  <testcase classname="testCASES.TestCases" name="DatadrivenApproach" time="2.877"/>
  <testcase classname="testCASES.TestCases" name="DatadrivenApproach" time="2.923"/>
  <testcase classname="testCASES.TestCases" name="DatadrivenApproach" time="2.965"/>
  <testcase classname="testCASES.TestCases" name="DatadrivenApproach" time="2.934"/>
  <testcase classname="testCASES.TestCases" name="DatadrivenApproach" time="2.895"/>
  <testcase classname="testCASES.TestCases" name="DatadrivenApproach" time="3.41"/>
  <testcase classname="testCASES.TestCases" name="DatadrivenApproach" time="2.897"/>
  <testcase classname="testCASES.TestCases" name="DatadrivenApproach" time="2.924"/>
  <testcase classname="testCASES.TestCases" name="loginApp" time="5.425"/>
  <testcase classname="testCASES.TestCases" name="searchCheck" time="4.063"/>
  <testcase classname="testCASES.TestCases" name="RedirectingPage" time="4.559"/>
  <testcase classname="testCASES.TestCases" name="ErrorLog" time="5.404"/>
  <testcase classname="testCASES.TestCases" name="reviewGive" time="8.651"/>
  <testcase classname="testCASES.TestCases" name="CategoryProduct" time="4.519"/>
  <testcase classname="testCASES.TestCases" name="displayCat" time="4.103"/>
  <testcase classname="testCASES.TestCases" name="passwordLen" time="5.228"/>
  <testcase classname="testCASES.TestCases" name="Navigate" time="7.534"/>
  <testcase classname="testCASES.TestCases" name="LogCheckOption" time="4.731"/>
  <testcase classname="testCASES.TestCases" name="PasswordCheck" time="6.386"/>
  <testcase classname="testCASES.TestCases" name="profileCHek" time="4.857"/>
  <testcase classname="testCASES.TestCases" name="exceed" time="3.936"/>
  <testcase classname="testCASES.TestCases" name="Validatelogo" time="4.033"/>
  <testcase classname="testCASES.TestCases" name="rediret" time="6.211"/>
</testsuite> <!-- Default test -->
