<?xml version="1.0" encoding="UTF-8"?>
<!-- Generated by org.testng.reporters.JUnitXMLReporter -->
<testsuite hostname="HJNZL002008" failures="0" tests="22" name="Test_1" time="140.677" errors="0" timestamp="20 Dec 2021 13:00:17 GMT">
  <testcase classname="testCASES.TestCases" name="DatadrivenApproach" time="5.859"/>
  <testcase classname="testCASES.TestCases" name="DatadrivenApproach" time="4.129"/>
  <testcase classname="testCASES.TestCases" name="DatadrivenApproach" time="4.254"/>
  <testcase classname="testCASES.TestCases" name="DatadrivenApproach" time="4.317"/>
  <testcase classname="testCASES.TestCases" name="DatadrivenApproach" time="4.392"/>
  <testcase classname="testCASES.TestCases" name="DatadrivenApproach" time="4.212"/>
  <testcase classname="testCASES.TestCases" name="DatadrivenApproach" time="4.157"/>
  <testcase classname="testCASES.TestCases" name="DatadrivenApproach" time="6.213"/>
  <testcase classname="testCASES.TestCases" name="DatadrivenApproach" time="4.334"/>
  <testcase classname="testCASES.TestCases" name="DatadrivenApproach" time="3.996"/>
  <testcase classname="testCASES.TestCases" name="loginApp" time="7.656"/>
  <testcase classname="testCASES.TestCases" name="searchCheck" time="4.12"/>
  <testcase classname="testCASES.TestCases" name="RedirectingPage" time="5.36"/>
  <testcase classname="testCASES.TestCases" name="ErrorLog" time="7.646"/>
  <testcase classname="testCASES.TestCases" name="reviewGive" time="13.173"/>
  <testcase classname="testCASES.TestCases" name="CategoryProduct" time="5.191"/>
  <testcase classname="testCASES.TestCases" name="displayCat" time="4.219"/>
  <testcase classname="testCASES.TestCases" name="passwordLen" time="7.064"/>
  <testcase classname="testCASES.TestCases" name="Navigate" time="8.079"/>
  <testcase classname="testCASES.TestCases" name="LogCheckOption" time="7.049"/>
  <testcase classname="testCASES.TestCases" name="PasswordCheck" time="9.425"/>
  <testcase classname="testCASES.TestCases" name="profileCHek" time="5.118"/>
</testsuite> <!-- Test_1 -->
