<?xml version="1.0" encoding="UTF-8"?>
<!-- Generated by org.testng.reporters.JUnitXMLReporter -->
<testsuite hostname="HJNZL002008" failures="0" tests="25" name="Test" time="154.577" errors="0" timestamp="22 Dec 2021 10:40:00 GMT">
  <testcase classname="testCASES.TestCases" name="DatadrivenApproach" time="5.615"/>
  <testcase classname="testCASES.TestCases" name="DatadrivenApproach" time="3.799"/>
  <testcase classname="testCASES.TestCases" name="DatadrivenApproach" time="3.93"/>
  <testcase classname="testCASES.TestCases" name="DatadrivenApproach" time="4.058"/>
  <testcase classname="testCASES.TestCases" name="DatadrivenApproach" time="4.323"/>
  <testcase classname="testCASES.TestCases" name="DatadrivenApproach" time="3.737"/>
  <testcase classname="testCASES.TestCases" name="DatadrivenApproach" time="4.32"/>
  <testcase classname="testCASES.TestCases" name="DatadrivenApproach" time="5.446"/>
  <testcase classname="testCASES.TestCases" name="DatadrivenApproach" time="4.296"/>
  <testcase classname="testCASES.TestCases" name="DatadrivenApproach" time="4.283"/>
  <testcase classname="testCASES.TestCases" name="loginApp" time="7.573"/>
  <testcase classname="testCASES.TestCases" name="searchCheck" time="4.165"/>
  <testcase classname="testCASES.TestCases" name="RedirectingPage" time="5.544"/>
  <testcase classname="testCASES.TestCases" name="ErrorLog" time="7.53"/>
  <testcase classname="testCASES.TestCases" name="reviewGive" time="11.05"/>
  <testcase classname="testCASES.TestCases" name="CategoryProduct" time="5.063"/>
  <testcase classname="testCASES.TestCases" name="displayCat" time="4.244"/>
  <testcase classname="testCASES.TestCases" name="passwordLen" time="6.314"/>
  <testcase classname="testCASES.TestCases" name="Navigate" time="7.094"/>
  <testcase classname="testCASES.TestCases" name="LogCheckOption" time="5.41"/>
  <testcase classname="testCASES.TestCases" name="PasswordCheck" time="9.554"/>
  <testcase classname="testCASES.TestCases" name="profileCHek" time="6.169"/>
  <testcase classname="testCASES.TestCases" name="exceed" time="4.655"/>
  <testcase classname="testCASES.TestCases" name="Validatelogo" time="4.064"/>
  <testcase classname="testCASES.TestCases" name="rediret" time="8.134"/>
</testsuite> <!-- Test -->
